<?xml version="1.0" encoding="UTF-8"?>
<testng-results skipped="0" failed="0" total="1" passed="1">
  <reporter-output>
  </reporter-output>
  <suite name="Default suite" duration-ms="42730" started-at="2018-11-06T08:08:53Z" finished-at="2018-11-06T08:09:36Z">
    <groups>
    </groups>
    <test name="Default test" duration-ms="42730" started-at="2018-11-06T08:08:53Z" finished-at="2018-11-06T08:09:36Z">
      <class name="testcases.Testcases">
        <test-method status="PASS" signature="setup()[pri:0, instance:testcases.Testcases@39aeed2f]" name="setup" duration-ms="42710" started-at="2018-11-06T13:38:53Z" finished-at="2018-11-06T13:39:36Z">
          <reporter-output>
          </reporter-output>
        </test-method> <!-- setup -->
      </class> <!-- testcases.Testcases -->
    </test> <!-- Default test -->
  </suite> <!-- Default suite -->
</testng-results>
